App/build/outputs/logs/manifest-merger-debug-report.txt
-- Merging decision tree log ---
manifest
ADDED from src\main\AndroidManifest.xml:2:1-26:12
	package
		ADDED from src\main\AndroidManifest.xml:3:11-36
		INJECTED from src\main\AndroidManifest.xml
		INJECTED from src\main\AndroidManifest.xml
	android:versionName
		INJECTED from src\main\AndroidManifest.xml
		INJECTED from src\main\AndroidManifest.xml
	xmlns:android
		ADDED from src\main\AndroidManifest.xml:2:11-69
	android:versionCode
		INJECTED from src\main\AndroidManifest.xml
		INJECTED from src\main\AndroidManifest.xml
application
ADDED from src\main\AndroidManifest.xml:5:5-24:19
MERGED from [KotlinMallFinished:UserCenter:unspecified] AndroidManifest.xml:14:5-23:19
MERGED from [KotlinMallFinished:MessageCenter:unspecified] AndroidManifest.xml:12:5-39:19
MERGED from [cn.jiguang.sdk:jpush:3.0.9] AndroidManifest.xml:37:5-126:19
MERGED from [cn.jiguang.sdk:jcore:1.1.7] AndroidManifest.xml:11:5-12:19
MERGED from [KotlinMallFinished:GoodsCenter:unspecified] AndroidManifest.xml:11:5-21:19
MERGED from [ren.qinc.numberbutton:numberbutton:0.0.1] AndroidManifest.xml:11:5-15:19
MERGED from [KotlinMallFinished:OrderCenter:unspecified] AndroidManifest.xml:11:5-20:19
MERGED from [KotlinMallFinished:PaySDK:unspecified] AndroidManifest.xml:17:5-36:19
MERGED from [KotlinMallFinished:Provider:unspecified] AndroidManifest.xml:11:5-15:19
MERGED from [KotlinMallFinished:BaseLibrary:unspecified] AndroidManifest.xml:13:5-17:19
MERGED from [com.android.support:cardview-v7:25.3.1] AndroidManifest.xml:26:5-20
MERGED from [de.hdodenhof:circleimageview:2.1.0] AndroidManifest.xml:9:5-20
MERGED from [com.jph.takephoto:takephoto_library:4.0.3] AndroidManifest.xml:14:5-26:19
MERGED from [com.darsh.multipleimageselect:multipleimageselect:1.0.4] AndroidManifest.xml:13:5-34:19
MERGED from [com.ashokvarma.android:bottom-navigation-bar:2.0.2] AndroidManifest.xml:11:5-47
MERGED from [com.android.support:design:25.3.1] AndroidManifest.xml:29:5-20
MERGED from [com.android.support:transition:25.3.1] AndroidManifest.xml:26:5-20
MERGED from [com.github.shts:TriangleLabelView:1.1.2] AndroidManifest.xml:11:5-14:19
MERGED from [com.github.crosswall:Android-Coverflow:release-v1.0.4] AndroidManifest.xml:11:5-15:19
MERGED from [com.github.Kennyc1012:MultiStateView:1.3.2] AndroidManifest.xml:12:5-20
MERGED from [com.eightbitlab:rxbus:1.0.2] AndroidManifest.xml:11:5-14:19
MERGED from [com.android.support:appcompat-v7:25.3.1] AndroidManifest.xml:29:5-20
MERGED from [com.android.support:animated-vector-drawable:25.3.1] AndroidManifest.xml:26:5-20
MERGED from [com.android.support:support-vector-drawable:25.3.1] AndroidManifest.xml:26:5-20
MERGED from [com.android.support:support-v4:25.3.1] AndroidManifest.xml:29:5-20
MERGED from [com.android.support:support-fragment:25.3.1] AndroidManifest.xml:29:5-20
MERGED from [com.android.support:support-media-compat:25.3.1] AndroidManifest.xml:29:5-20
MERGED from [com.android.support:support-core-ui:25.3.1] AndroidManifest.xml:29:5-20
MERGED from [com.android.support:support-core-utils:25.3.1] AndroidManifest.xml:29:5-20
MERGED from [com.android.support:support-compat:25.3.1] AndroidManifest.xml:29:5-20
MERGED from [q.rorbin:badgeview:1.1.2] AndroidManifest.xml:11:5-20
	android:label
		ADDED from src\main\AndroidManifest.xml:8:13-45
	android:supportsRtl
		ADDED from src\main\AndroidManifest.xml:10:13-39
	android:roundIcon
		ADDED from src\main\AndroidManifest.xml:9:13-58
	android:allowBackup
		ADDED from src\main\AndroidManifest.xml:6:13-39
	android:icon
		ADDED from src\main\AndroidManifest.xml:7:13-47
	android:theme
		ADDED from src\main\AndroidManifest.xml:11:13-44
	android:name
		ADDED from src\main\AndroidManifest.xml:12:13-51
activity#com.kotlin.mall.ui.activity.MainActivity
ADDED from src\main\AndroidManifest.xml:14:9-20:20
	android:name
		ADDED from src\main\AndroidManifest.xml:14:19-59
intent-filter#android.intent.action.MAIN+android.intent.category.LAUNCHER
ADDED from src\main\AndroidManifest.xml:15:13-19:29
action#android.intent.action.MAIN
ADDED from src\main\AndroidManifest.xml:16:17-68
	android:name
		ADDED from src\main\AndroidManifest.xml:16:25-66
category#android.intent.category.LAUNCHER
ADDED from src\main\AndroidManifest.xml:18:17-76
	android:name
		ADDED from src\main\AndroidManifest.xml:18:27-74
activity#com.kotlin.mall.ui.activity.SettingActivity
ADDED from src\main\AndroidManifest.xml:22:9-64
	android:name
		ADDED from src\main\AndroidManifest.xml:22:19-62
uses-sdk
INJECTED from src\main\AndroidManifest.xml reason: use-sdk injection requested
MERGED from [KotlinMallFinished:UserCenter:unspecified] AndroidManifest.xml:7:5-9:41
MERGED from [KotlinMallFinished:MessageCenter:unspecified] AndroidManifest.xml:8:5-10:41
MERGED from [cn.jiguang.sdk:jpush:3.0.9] AndroidManifest.xml:7:5-9:41
MERGED from [cn.jiguang.sdk:jcore:1.1.7] AndroidManifest.xml:7:5-9:41
MERGED from [KotlinMallFinished:GoodsCenter:unspecified] AndroidManifest.xml:7:5-9:41
MERGED from [ren.qinc.numberbutton:numberbutton:0.0.1] AndroidManifest.xml:7:5-9:41
MERGED from [KotlinMallFinished:OrderCenter:unspecified] AndroidManifest.xml:7:5-9:41
MERGED from [KotlinMallFinished:PaySDK:unspecified] AndroidManifest.xml:7:5-9:41
MERGED from [KotlinMallFinished:Provider:unspecified] AndroidManifest.xml:7:5-9:41
MERGED from [KotlinMallFinished:BaseLibrary:unspecified] AndroidManifest.xml:7:5-9:41
MERGED from [com.android.support:cardview-v7:25.3.1] AndroidManifest.xml:20:5-43
MERGED from [com.trello:rxlifecycle-kotlin:1.0] AndroidManifest.xml:17:5-44
MERGED from [com.trello:rxlifecycle-components:1.0] AndroidManifest.xml:17:5-44
MERGED from [com.trello:rxlifecycle-android:1.0] AndroidManifest.xml:17:5-44
MERGED from [com.jakewharton.rxbinding:rxbinding:0.4.0] AndroidManifest.xml:6:5-44
MERGED from [de.hdodenhof:circleimageview:2.1.0] AndroidManifest.xml:5:5-7:41
MERGED from [com.jph.takephoto:takephoto_library:4.0.3] AndroidManifest.xml:7:5-9:41
MERGED from [com.soundcloud.android.crop:lib_crop:1.0.0] AndroidManifest.xml:8:5-10:41
MERGED from [com.darsh.multipleimageselect:multipleimageselect:1.0.4] AndroidManifest.xml:7:5-9:41
MERGED from [me.shaohui.advancedluban:library:1.3.2] AndroidManifest.xml:7:5-9:41
MERGED from [io.reactivex:rxandroid:1.2.1] AndroidManifest.xml:19:5-43
MERGED from [com.bigkoo:alertview:1.0.3] AndroidManifest.xml:7:5-9:41
MERGED from [com.ashokvarma.android:bottom-navigation-bar:2.0.2] AndroidManifest.xml:7:5-9:41
MERGED from [com.android.support:design:25.3.1] AndroidManifest.xml:21:5-23:62
MERGED from [com.android.support:recyclerview-v7:25.3.1] AndroidManifest.xml:20:5-43
MERGED from [com.android.support:transition:25.3.1] AndroidManifest.xml:20:5-44
MERGED from [com.youth.banner:banner:1.4.10] AndroidManifest.xml:7:5-9:41
MERGED from [com.github.shts:TriangleLabelView:1.1.2] AndroidManifest.xml:7:5-9:41
MERGED from [com.github.crosswall:Android-Coverflow:release-v1.0.4] AndroidManifest.xml:7:5-9:41
MERGED from [com.github.Kennyc1012:MultiStateView:1.3.2] AndroidManifest.xml:8:5-10:41
MERGED from [cn.bingoogolapple:bga-refreshlayout:1.1.7] AndroidManifest.xml:6:5-8:41
MERGED from [com.eightbitlab:rxbus:1.0.2] AndroidManifest.xml:7:5-9:41
MERGED from [com.zhy:flowlayout-lib:1.0.3] AndroidManifest.xml:8:5-10:41
MERGED from [com.android.support:appcompat-v7:25.3.1] AndroidManifest.xml:21:5-23:78
MERGED from [com.android.support:animated-vector-drawable:25.3.1] AndroidManifest.xml:20:5-44
MERGED from [com.android.support:support-vector-drawable:25.3.1] AndroidManifest.xml:20:5-43
MERGED from [com.alibaba:arouter-api:1.2.2] AndroidManifest.xml:6:5-8:41
MERGED from [com.android.support:support-v4:25.3.1] AndroidManifest.xml:21:5-23:54
MERGED from [com.android.support:support-fragment:25.3.1] AndroidManifest.xml:21:5-23:60
MERGED from [com.android.support:support-media-compat:25.3.1] AndroidManifest.xml:21:5-23:63
MERGED from [com.android.support:support-core-ui:25.3.1] AndroidManifest.xml:21:5-23:58
MERGED from [com.android.support:support-core-utils:25.3.1] AndroidManifest.xml:21:5-23:61
MERGED from [com.android.support:support-compat:25.3.1] AndroidManifest.xml:21:5-23:58
MERGED from [q.rorbin:badgeview:1.1.2] AndroidManifest.xml:7:5-9:41
	tools:overrideLibrary
		ADDED from [com.android.support:design:25.3.1] AndroidManifest.xml:23:9-59
	android:targetSdkVersion
		INJECTED from src\main\AndroidManifest.xml
		INJECTED from src\main\AndroidManifest.xml
	android:minSdkVersion
		INJECTED from src\main\AndroidManifest.xml
		INJECTED from src\main\AndroidManifest.xml
uses-permission#android.permission.KILL_BACKGROUND_PROCESSES
ADDED from [KotlinMallFinished:UserCenter:unspecified] AndroidManifest.xml:11:5-84
	android:name
		ADDED from [KotlinMallFinished:UserCenter:unspecified] AndroidManifest.xml:11:22-81
uses-permission#android.permission.ACCESS_NETWORK_STATE
ADDED from [KotlinMallFinished:UserCenter:unspecified] AndroidManifest.xml:12:5-79
MERGED from [cn.jiguang.sdk:jpush:3.0.9] AndroidManifest.xml:26:5-79
MERGED from [KotlinMallFinished:PaySDK:unspecified] AndroidManifest.xml:12:5-79
	android:name
		ADDED from [KotlinMallFinished:UserCenter:unspecified] AndroidManifest.xml:12:22-76
activity#com.kotlin.user.ui.activity.RegisterActivity
ADDED from [KotlinMallFinished:UserCenter:unspecified] AndroidManifest.xml:18:9-81
	android:name
		ADDED from [KotlinMallFinished:UserCenter:unspecified] AndroidManifest.xml:18:19-78
activity#com.kotlin.user.ui.activity.LoginActivity
ADDED from [KotlinMallFinished:UserCenter:unspecified] AndroidManifest.xml:19:9-78
	android:name
		ADDED from [KotlinMallFinished:UserCenter:unspecified] AndroidManifest.xml:19:19-75
activity#com.kotlin.user.ui.activity.ForgetPwdActivity
ADDED from [KotlinMallFinished:UserCenter:unspecified] AndroidManifest.xml:20:9-82
	android:name
		ADDED from [KotlinMallFinished:UserCenter:unspecified] AndroidManifest.xml:20:19-79
activity#com.kotlin.user.ui.activity.ResetPwdActivity
ADDED from [KotlinMallFinished:UserCenter:unspecified] AndroidManifest.xml:21:9-81
	android:name
		ADDED from [KotlinMallFinished:UserCenter:unspecified] AndroidManifest.xml:21:19-78
activity#com.kotlin.user.ui.activity.UserInfoActivity
ADDED from [KotlinMallFinished:UserCenter:unspecified] AndroidManifest.xml:22:9-81
	android:name
		ADDED from [KotlinMallFinished:UserCenter:unspecified] AndroidManifest.xml:22:19-78
receiver#com.kotlin.message.receiver.MessageReceiver
ADDED from [KotlinMallFinished:MessageCenter:unspecified] AndroidManifest.xml:16:9-29:20
	android:enabled
		ADDED from [KotlinMallFinished:MessageCenter:unspecified] AndroidManifest.xml:18:13-35
	android:name
		ADDED from [KotlinMallFinished:MessageCenter:unspecified] AndroidManifest.xml:17:13-71
intent-filter#cn.jpush.android.intent.CONNECTION+cn.jpush.android.intent.MESSAGE_RECEIVED+cn.jpush.android.intent.NOTIFICATION_CLICK_ACTION+cn.jpush.android.intent.NOTIFICATION_OPENED+cn.jpush.android.intent.NOTIFICATION_RECEIVED+cn.jpush.android.intent.REGISTRATION+com.kotlin.mall
ADDED from [KotlinMallFinished:MessageCenter:unspecified] AndroidManifest.xml:19:13-28:29
action#cn.jpush.android.intent.REGISTRATION
ADDED from [KotlinMallFinished:MessageCenter:unspecified] AndroidManifest.xml:20:17-79
	android:name
		ADDED from [KotlinMallFinished:MessageCenter:unspecified] AndroidManifest.xml:20:25-76
action#cn.jpush.android.intent.MESSAGE_RECEIVED
ADDED from [KotlinMallFinished:MessageCenter:unspecified] AndroidManifest.xml:21:17-83
	android:name
		ADDED from [KotlinMallFinished:MessageCenter:unspecified] AndroidManifest.xml:21:25-80
action#cn.jpush.android.intent.NOTIFICATION_RECEIVED
ADDED from [KotlinMallFinished:MessageCenter:unspecified] AndroidManifest.xml:22:17-88
	android:name
		ADDED from [KotlinMallFinished:MessageCenter:unspecified] AndroidManifest.xml:22:25-85
action#cn.jpush.android.intent.NOTIFICATION_OPENED
ADDED from [KotlinMallFinished:MessageCenter:unspecified] AndroidManifest.xml:23:17-86
	android:name
		ADDED from [KotlinMallFinished:MessageCenter:unspecified] AndroidManifest.xml:23:25-83
action#cn.jpush.android.intent.NOTIFICATION_CLICK_ACTION
ADDED from [KotlinMallFinished:MessageCenter:unspecified] AndroidManifest.xml:24:17-92
	android:name
		ADDED from [KotlinMallFinished:MessageCenter:unspecified] AndroidManifest.xml:24:25-89
action#cn.jpush.android.intent.CONNECTION
ADDED from [KotlinMallFinished:MessageCenter:unspecified] AndroidManifest.xml:25:17-77
	android:name
		ADDED from [KotlinMallFinished:MessageCenter:unspecified] AndroidManifest.xml:25:25-74
category#com.kotlin.mall
ADDED from [KotlinMallFinished:MessageCenter:unspecified] AndroidManifest.xml:27:17-60
	android:name
		ADDED from [KotlinMallFinished:MessageCenter:unspecified] AndroidManifest.xml:27:27-57
meta-data#JPUSH_APPKEY
ADDED from [KotlinMallFinished:MessageCenter:unspecified] AndroidManifest.xml:31:9-34:45
MERGED from [cn.jiguang.sdk:jpush:3.0.9] AndroidManifest.xml:122:9-124:47
	android:value
		ADDED from [KotlinMallFinished:MessageCenter:unspecified] AndroidManifest.xml:33:13-53
		REJECTED from [cn.jiguang.sdk:jpush:3.0.9] AndroidManifest.xml:124:13-44
	tools:replace
		ADDED from [KotlinMallFinished:MessageCenter:unspecified] AndroidManifest.xml:34:13-42
	android:name
		ADDED from [KotlinMallFinished:MessageCenter:unspecified] AndroidManifest.xml:32:13-40
meta-data#JPUSH_CHANNEL
ADDED from [KotlinMallFinished:MessageCenter:unspecified] AndroidManifest.xml:35:9-38:45
MERGED from [cn.jiguang.sdk:jpush:3.0.9] AndroidManifest.xml:119:9-121:48
	android:value
		ADDED from [KotlinMallFinished:MessageCenter:unspecified] AndroidManifest.xml:37:13-46
		REJECTED from [cn.jiguang.sdk:jpush:3.0.9] AndroidManifest.xml:121:13-45
	tools:replace
		ADDED from [KotlinMallFinished:MessageCenter:unspecified] AndroidManifest.xml:38:13-42
	android:name
		ADDED from [KotlinMallFinished:MessageCenter:unspecified] AndroidManifest.xml:36:13-41
permission#${JPUSH_PKGNAME}.permission.JPUSH_MESSAGE
ADDED from [cn.jiguang.sdk:jpush:3.0.9] AndroidManifest.xml:11:5-13:47
	android:protectionLevel
		ADDED from [cn.jiguang.sdk:jpush:3.0.9] AndroidManifest.xml:13:9-44
	android:name
		ADDED from [cn.jiguang.sdk:jpush:3.0.9] AndroidManifest.xml:12:9-65
uses-permission#${JPUSH_PKGNAME}.permission.JPUSH_MESSAGE
ADDED from [cn.jiguang.sdk:jpush:3.0.9] AndroidManifest.xml:16:5-81
	android:name
		ADDED from [cn.jiguang.sdk:jpush:3.0.9] AndroidManifest.xml:16:22-78
uses-permission#android.permission.RECEIVE_USER_PRESENT
ADDED from [cn.jiguang.sdk:jpush:3.0.9] AndroidManifest.xml:17:5-79
	android:name
		ADDED from [cn.jiguang.sdk:jpush:3.0.9] AndroidManifest.xml:17:22-76
uses-permission#android.permission.INTERNET
ADDED from [cn.jiguang.sdk:jpush:3.0.9] AndroidManifest.xml:18:5-67
MERGED from [KotlinMallFinished:PaySDK:unspecified] AndroidManifest.xml:11:5-67
MERGED from [KotlinMallFinished:BaseLibrary:unspecified] AndroidManifest.xml:11:5-67
	android:name
		ADDED from [cn.jiguang.sdk:jpush:3.0.9] AndroidManifest.xml:18:22-64
uses-permission#android.permission.WAKE_LOCK
ADDED from [cn.jiguang.sdk:jpush:3.0.9] AndroidManifest.xml:19:5-68
	android:name
		ADDED from [cn.jiguang.sdk:jpush:3.0.9] AndroidManifest.xml:19:22-65
uses-permission#android.permission.READ_PHONE_STATE
ADDED from [cn.jiguang.sdk:jpush:3.0.9] AndroidManifest.xml:20:5-75
MERGED from [KotlinMallFinished:PaySDK:unspecified] AndroidManifest.xml:14:5-75
	android:name
		ADDED from [cn.jiguang.sdk:jpush:3.0.9] AndroidManifest.xml:20:22-72
uses-permission#android.permission.WRITE_EXTERNAL_STORAGE
ADDED from [cn.jiguang.sdk:jpush:3.0.9] AndroidManifest.xml:21:5-81
MERGED from [KotlinMallFinished:PaySDK:unspecified] AndroidManifest.xml:15:5-81
MERGED from [com.jph.takephoto:takephoto_library:4.0.3] AndroidManifest.xml:11:5-81
	android:name
		ADDED from [cn.jiguang.sdk:jpush:3.0.9] AndroidManifest.xml:21:22-78
uses-permission#android.permission.READ_EXTERNAL_STORAGE
ADDED from [cn.jiguang.sdk:jpush:3.0.9] AndroidManifest.xml:22:5-80
MERGED from [com.darsh.multipleimageselect:multipleimageselect:1.0.4] AndroidManifest.xml:11:5-80
	android:name
		ADDED from [cn.jiguang.sdk:jpush:3.0.9] AndroidManifest.xml:22:22-77
uses-permission#android.permission.WRITE_SETTINGS
ADDED from [cn.jiguang.sdk:jpush:3.0.9] AndroidManifest.xml:23:5-73
	android:name
		ADDED from [cn.jiguang.sdk:jpush:3.0.9] AndroidManifest.xml:23:22-70
uses-permission#android.permission.VIBRATE
ADDED from [cn.jiguang.sdk:jpush:3.0.9] AndroidManifest.xml:24:5-66
	android:name
		ADDED from [cn.jiguang.sdk:jpush:3.0.9] AndroidManifest.xml:24:22-63
uses-permission#android.permission.MOUNT_UNMOUNT_FILESYSTEMS
ADDED from [cn.jiguang.sdk:jpush:3.0.9] AndroidManifest.xml:25:5-84
	android:name
		ADDED from [cn.jiguang.sdk:jpush:3.0.9] AndroidManifest.xml:25:22-81
uses-permission#android.permission.ACCESS_WIFI_STATE
ADDED from [cn.jiguang.sdk:jpush:3.0.9] AndroidManifest.xml:27:5-76
MERGED from [KotlinMallFinished:PaySDK:unspecified] AndroidManifest.xml:13:5-76
	android:name
		ADDED from [cn.jiguang.sdk:jpush:3.0.9] AndroidManifest.xml:27:22-73
uses-permission#android.permission.SYSTEM_ALERT_WINDOW
ADDED from [cn.jiguang.sdk:jpush:3.0.9] AndroidManifest.xml:30:5-78
	android:name
		ADDED from [cn.jiguang.sdk:jpush:3.0.9] AndroidManifest.xml:30:22-75
uses-permission#android.permission.ACCESS_COARSE_LOCATION
ADDED from [cn.jiguang.sdk:jpush:3.0.9] AndroidManifest.xml:31:5-81
	android:name
		ADDED from [cn.jiguang.sdk:jpush:3.0.9] AndroidManifest.xml:31:22-78
uses-permission#android.permission.CHANGE_WIFI_STATE
ADDED from [cn.jiguang.sdk:jpush:3.0.9] AndroidManifest.xml:32:5-76
	android:name
		ADDED from [cn.jiguang.sdk:jpush:3.0.9] AndroidManifest.xml:32:22-73
uses-permission#android.permission.ACCESS_FINE_LOCATION
ADDED from [cn.jiguang.sdk:jpush:3.0.9] AndroidManifest.xml:33:5-79
	android:name
		ADDED from [cn.jiguang.sdk:jpush:3.0.9] AndroidManifest.xml:33:22-76
uses-permission#android.permission.ACCESS_LOCATION_EXTRA_COMMANDS
ADDED from [cn.jiguang.sdk:jpush:3.0.9] AndroidManifest.xml:34:5-89
	android:name
		ADDED from [cn.jiguang.sdk:jpush:3.0.9] AndroidManifest.xml:34:22-86
uses-permission#android.permission.CHANGE_NETWORK_STATE
ADDED from [cn.jiguang.sdk:jpush:3.0.9] AndroidManifest.xml:35:5-79
	android:name
		ADDED from [cn.jiguang.sdk:jpush:3.0.9] AndroidManifest.xml:35:22-76
activity#cn.jpush.android.ui.PopWinActivity
ADDED from [cn.jiguang.sdk:jpush:3.0.9] AndroidManifest.xml:40:9-43:52
	android:exported
		ADDED from [cn.jiguang.sdk:jpush:3.0.9] AndroidManifest.xml:42:13-37
	android:theme
		ADDED from [cn.jiguang.sdk:jpush:3.0.9] AndroidManifest.xml:43:13-49
	android:name
		ADDED from [cn.jiguang.sdk:jpush:3.0.9] AndroidManifest.xml:41:13-62
activity#cn.jpush.android.ui.PushActivity
ADDED from [cn.jiguang.sdk:jpush:3.0.9] AndroidManifest.xml:46:9-57:20
	android:exported
		ADDED from [cn.jiguang.sdk:jpush:3.0.9] AndroidManifest.xml:49:13-37
	android:configChanges
		ADDED from [cn.jiguang.sdk:jpush:3.0.9] AndroidManifest.xml:48:13-63
	android:theme
		ADDED from [cn.jiguang.sdk:jpush:3.0.9] AndroidManifest.xml:50:13-60
	android:name
		ADDED from [cn.jiguang.sdk:jpush:3.0.9] AndroidManifest.xml:47:13-60
intent-filter#${JPUSH_PKGNAME}+android.intent.category.DEFAULT+cn.jpush.android.ui.PushActivity
ADDED from [cn.jiguang.sdk:jpush:3.0.9] AndroidManifest.xml:51:13-56:29
action#cn.jpush.android.ui.PushActivity
ADDED from [cn.jiguang.sdk:jpush:3.0.9] AndroidManifest.xml:52:17-75
	android:name
		ADDED from [cn.jiguang.sdk:jpush:3.0.9] AndroidManifest.xml:52:25-72
category#android.intent.category.DEFAULT
ADDED from [cn.jiguang.sdk:jpush:3.0.9] AndroidManifest.xml:54:17-76
	android:name
		ADDED from [cn.jiguang.sdk:jpush:3.0.9] AndroidManifest.xml:54:27-73
category#${JPUSH_PKGNAME}
ADDED from [cn.jiguang.sdk:jpush:3.0.9] AndroidManifest.xml:55:17-61
	android:name
		ADDED from [cn.jiguang.sdk:jpush:3.0.9] AndroidManifest.xml:55:27-58
service#cn.jpush.android.service.PushService
ADDED from [cn.jiguang.sdk:jpush:3.0.9] AndroidManifest.xml:60:9-71:19
	android:enabled
		ADDED from [cn.jiguang.sdk:jpush:3.0.9] AndroidManifest.xml:62:13-35
	android:process
		ADDED from [cn.jiguang.sdk:jpush:3.0.9] AndroidManifest.xml:64:13-40
	android:exported
		ADDED from [cn.jiguang.sdk:jpush:3.0.9] AndroidManifest.xml:63:13-37
	android:name
		ADDED from [cn.jiguang.sdk:jpush:3.0.9] AndroidManifest.xml:61:13-64
intent-filter#cn.jpush.android.intent.PUSH_TIME+cn.jpush.android.intent.PushService+cn.jpush.android.intent.REGISTER+cn.jpush.android.intent.REPORT
ADDED from [cn.jiguang.sdk:jpush:3.0.9] AndroidManifest.xml:65:13-70:29
action#cn.jpush.android.intent.REGISTER
ADDED from [cn.jiguang.sdk:jpush:3.0.9] AndroidManifest.xml:66:17-75
	android:name
		ADDED from [cn.jiguang.sdk:jpush:3.0.9] AndroidManifest.xml:66:25-72
action#cn.jpush.android.intent.REPORT
ADDED from [cn.jiguang.sdk:jpush:3.0.9] AndroidManifest.xml:67:17-73
	android:name
		ADDED from [cn.jiguang.sdk:jpush:3.0.9] AndroidManifest.xml:67:25-70
action#cn.jpush.android.intent.PushService
ADDED from [cn.jiguang.sdk:jpush:3.0.9] AndroidManifest.xml:68:17-78
	android:name
		ADDED from [cn.jiguang.sdk:jpush:3.0.9] AndroidManifest.xml:68:25-75
action#cn.jpush.android.intent.PUSH_TIME
ADDED from [cn.jiguang.sdk:jpush:3.0.9] AndroidManifest.xml:69:17-76
	android:name
		ADDED from [cn.jiguang.sdk:jpush:3.0.9] AndroidManifest.xml:69:25-73
service#cn.jpush.android.service.DaemonService
ADDED from [cn.jiguang.sdk:jpush:3.0.9] AndroidManifest.xml:75:9-84:19
	android:enabled
		ADDED from [cn.jiguang.sdk:jpush:3.0.9] AndroidManifest.xml:77:13-35
	android:exported
		ADDED from [cn.jiguang.sdk:jpush:3.0.9] AndroidManifest.xml:78:13-36
	android:name
		ADDED from [cn.jiguang.sdk:jpush:3.0.9] AndroidManifest.xml:76:13-66
intent-filter#${JPUSH_PKGNAME}+cn.jpush.android.intent.DaemonService
ADDED from [cn.jiguang.sdk:jpush:3.0.9] AndroidManifest.xml:79:13-83:29
action#cn.jpush.android.intent.DaemonService
ADDED from [cn.jiguang.sdk:jpush:3.0.9] AndroidManifest.xml:80:17-80
	android:name
		ADDED from [cn.jiguang.sdk:jpush:3.0.9] AndroidManifest.xml:80:25-77
receiver#cn.jpush.android.service.PushReceiver
ADDED from [cn.jiguang.sdk:jpush:3.0.9] AndroidManifest.xml:87:9-106:20
	android:enabled
		ADDED from [cn.jiguang.sdk:jpush:3.0.9] AndroidManifest.xml:89:13-35
	android:exported
		ADDED from [cn.jiguang.sdk:jpush:3.0.9] AndroidManifest.xml:90:13-37
	android:name
		ADDED from [cn.jiguang.sdk:jpush:3.0.9] AndroidManifest.xml:88:13-65
intent-filter#${JPUSH_PKGNAME}+cn.jpush.android.intent.NOTIFICATION_RECEIVED_PROXY
ADDED from [cn.jiguang.sdk:jpush:3.0.9] AndroidManifest.xml:91:13-94:29
	android:priority
		ADDED from [cn.jiguang.sdk:jpush:3.0.9] AndroidManifest.xml:91:28-51
action#cn.jpush.android.intent.NOTIFICATION_RECEIVED_PROXY
ADDED from [cn.jiguang.sdk:jpush:3.0.9] AndroidManifest.xml:92:17-94
	android:name
		ADDED from [cn.jiguang.sdk:jpush:3.0.9] AndroidManifest.xml:92:25-91
intent-filter#android.intent.action.USER_PRESENT+android.net.conn.CONNECTIVITY_CHANGE
ADDED from [cn.jiguang.sdk:jpush:3.0.9] AndroidManifest.xml:95:13-98:29
action#android.intent.action.USER_PRESENT
ADDED from [cn.jiguang.sdk:jpush:3.0.9] AndroidManifest.xml:96:17-77
	android:name
		ADDED from [cn.jiguang.sdk:jpush:3.0.9] AndroidManifest.xml:96:25-74
action#android.net.conn.CONNECTIVITY_CHANGE
ADDED from [cn.jiguang.sdk:jpush:3.0.9] AndroidManifest.xml:97:17-79
	android:name
		ADDED from [cn.jiguang.sdk:jpush:3.0.9] AndroidManifest.xml:97:25-76
intent-filter#android.intent.action.PACKAGE_ADDED+android.intent.action.PACKAGE_REMOVED
ADDED from [cn.jiguang.sdk:jpush:3.0.9] AndroidManifest.xml:100:13-105:29
action#android.intent.action.PACKAGE_ADDED
ADDED from [cn.jiguang.sdk:jpush:3.0.9] AndroidManifest.xml:101:17-78
	android:name
		ADDED from [cn.jiguang.sdk:jpush:3.0.9] AndroidManifest.xml:101:25-75
action#android.intent.action.PACKAGE_REMOVED
ADDED from [cn.jiguang.sdk:jpush:3.0.9] AndroidManifest.xml:102:17-80
	android:name
		ADDED from [cn.jiguang.sdk:jpush:3.0.9] AndroidManifest.xml:102:25-77
data
ADDED from [cn.jiguang.sdk:jpush:3.0.9] AndroidManifest.xml:104:17-50
	android:scheme
		ADDED from [cn.jiguang.sdk:jpush:3.0.9] AndroidManifest.xml:104:23-47
receiver#cn.jpush.android.service.AlarmReceiver
ADDED from [cn.jiguang.sdk:jpush:3.0.9] AndroidManifest.xml:109:9-111:40
	android:exported
		ADDED from [cn.jiguang.sdk:jpush:3.0.9] AndroidManifest.xml:111:13-37
	android:name
		ADDED from [cn.jiguang.sdk:jpush:3.0.9] AndroidManifest.xml:110:13-66
provider#cn.jpush.android.service.DataProvider
ADDED from [cn.jiguang.sdk:jpush:3.0.9] AndroidManifest.xml:113:9-116:39
	android:authorities
		ADDED from [cn.jiguang.sdk:jpush:3.0.9] AndroidManifest.xml:115:13-64
	android:exported
		ADDED from [cn.jiguang.sdk:jpush:3.0.9] AndroidManifest.xml:116:13-36
	android:name
		ADDED from [cn.jiguang.sdk:jpush:3.0.9] AndroidManifest.xml:114:13-65
activity#com.kotlin.goods.ui.activity.GoodsActivity
ADDED from [KotlinMallFinished:GoodsCenter:unspecified] AndroidManifest.xml:15:9-79
	android:name
		ADDED from [KotlinMallFinished:GoodsCenter:unspecified] AndroidManifest.xml:15:19-76
activity#com.kotlin.goods.ui.activity.SearchGoodsActivity
ADDED from [KotlinMallFinished:GoodsCenter:unspecified] AndroidManifest.xml:16:9-85
	android:name
		ADDED from [KotlinMallFinished:GoodsCenter:unspecified] AndroidManifest.xml:16:19-82
activity#com.kotlin.goods.ui.activity.GoodsDetailActivity
ADDED from [KotlinMallFinished:GoodsCenter:unspecified] AndroidManifest.xml:17:9-19:53
	android:theme
		ADDED from [KotlinMallFinished:GoodsCenter:unspecified] AndroidManifest.xml:19:13-50
	android:name
		ADDED from [KotlinMallFinished:GoodsCenter:unspecified] AndroidManifest.xml:18:13-76
activity#com.kotlin.goods.ui.activity.CartActivity
ADDED from [KotlinMallFinished:GoodsCenter:unspecified] AndroidManifest.xml:20:9-78
	android:name
		ADDED from [KotlinMallFinished:GoodsCenter:unspecified] AndroidManifest.xml:20:19-75
activity#com.kotlin.order.ui.activity.OrderConfirmActivity
ADDED from [KotlinMallFinished:OrderCenter:unspecified] AndroidManifest.xml:15:9-86
	android:name
		ADDED from [KotlinMallFinished:OrderCenter:unspecified] AndroidManifest.xml:15:19-83
activity#com.kotlin.order.ui.activity.ShipAddressActivity
ADDED from [KotlinMallFinished:OrderCenter:unspecified] AndroidManifest.xml:16:9-85
	android:name
		ADDED from [KotlinMallFinished:OrderCenter:unspecified] AndroidManifest.xml:16:19-82
activity#com.kotlin.order.ui.activity.ShipAddressEditActivity
ADDED from [KotlinMallFinished:OrderCenter:unspecified] AndroidManifest.xml:17:9-89
	android:name
		ADDED from [KotlinMallFinished:OrderCenter:unspecified] AndroidManifest.xml:17:19-86
activity#com.kotlin.order.ui.activity.OrderActivity
ADDED from [KotlinMallFinished:OrderCenter:unspecified] AndroidManifest.xml:18:9-79
	android:name
		ADDED from [KotlinMallFinished:OrderCenter:unspecified] AndroidManifest.xml:18:19-76
activity#com.kotlin.order.ui.activity.OrderDetailActivity
ADDED from [KotlinMallFinished:OrderCenter:unspecified] AndroidManifest.xml:19:9-85
	android:name
		ADDED from [KotlinMallFinished:OrderCenter:unspecified] AndroidManifest.xml:19:19-82
activity#com.alipay.sdk.app.H5PayActivity
ADDED from [KotlinMallFinished:PaySDK:unspecified] AndroidManifest.xml:21:9-27:20
	android:screenOrientation
		ADDED from [KotlinMallFinished:PaySDK:unspecified] AndroidManifest.xml:25:13-47
	android:exported
		ADDED from [KotlinMallFinished:PaySDK:unspecified] AndroidManifest.xml:24:13-37
	android:windowSoftInputMode
		ADDED from [KotlinMallFinished:PaySDK:unspecified] AndroidManifest.xml:26:13-67
	android:configChanges
		ADDED from [KotlinMallFinished:PaySDK:unspecified] AndroidManifest.xml:23:13-85
	android:name
		ADDED from [KotlinMallFinished:PaySDK:unspecified] AndroidManifest.xml:22:13-60
activity#com.alipay.sdk.app.H5AuthActivity
ADDED from [KotlinMallFinished:PaySDK:unspecified] AndroidManifest.xml:28:9-34:20
	android:screenOrientation
		ADDED from [KotlinMallFinished:PaySDK:unspecified] AndroidManifest.xml:32:13-47
	android:exported
		ADDED from [KotlinMallFinished:PaySDK:unspecified] AndroidManifest.xml:31:13-37
	android:windowSoftInputMode
		ADDED from [KotlinMallFinished:PaySDK:unspecified] AndroidManifest.xml:33:13-67
	android:configChanges
		ADDED from [KotlinMallFinished:PaySDK:unspecified] AndroidManifest.xml:30:13-74
	android:name
		ADDED from [KotlinMallFinished:PaySDK:unspecified] AndroidManifest.xml:29:13-61
activity#com.kotlin.pay.ui.activity.CashRegisterActivity
ADDED from [KotlinMallFinished:PaySDK:unspecified] AndroidManifest.xml:35:9-84
	android:name
		ADDED from [KotlinMallFinished:PaySDK:unspecified] AndroidManifest.xml:35:19-81
meta-data#android.support.VERSION
ADDED from [com.android.support:cardview-v7:25.3.1] AndroidManifest.xml:22:5-24:34
MERGED from [com.android.support:design:25.3.1] AndroidManifest.xml:25:5-27:34
MERGED from [com.android.support:recyclerview-v7:25.3.1] AndroidManifest.xml:22:5-24:34
MERGED from [com.android.support:transition:25.3.1] AndroidManifest.xml:22:5-24:34
MERGED from [com.android.support:appcompat-v7:25.3.1] AndroidManifest.xml:25:5-27:34
MERGED from [com.android.support:animated-vector-drawable:25.3.1] AndroidManifest.xml:22:5-24:34
MERGED from [com.android.support:support-vector-drawable:25.3.1] AndroidManifest.xml:22:5-24:34
MERGED from [com.android.support:support-v4:25.3.1] AndroidManifest.xml:25:5-27:34
MERGED from [com.android.support:support-fragment:25.3.1] AndroidManifest.xml:25:5-27:34
MERGED from [com.android.support:support-media-compat:25.3.1] AndroidManifest.xml:25:5-27:34
MERGED from [com.android.support:support-core-ui:25.3.1] AndroidManifest.xml:25:5-27:34
MERGED from [com.android.support:support-core-utils:25.3.1] AndroidManifest.xml:25:5-27:34
MERGED from [com.android.support:support-compat:25.3.1] AndroidManifest.xml:25:5-27:34
	android:value
		ADDED from [com.android.support:cardview-v7:25.3.1] AndroidManifest.xml:24:9-31
	android:name
		ADDED from [com.android.support:cardview-v7:25.3.1] AndroidManifest.xml:23:9-47